Mar 18, 2024 7:46:02 PM Server.ServerClass main
INFO: Client with id : 47760 connected.
Mar 18, 2024 7:46:04 PM Server.ServerClass main
INFO: Client with id : 47762 connected.
Mar 18, 2024 7:46:26 PM Server.clienthandler.ClientHandler processInput
INFO: New Room created with session ID : 1000 on port 49152
Mar 18, 2024 7:46:26 PM Server.gameroom.GameRoom run
INFO: Game room started on port 49152
Mar 18, 2024 7:46:26 PM Server.gameroom.GameRoom run
INFO: Player with ID : 55944 connected on game room with session id 1000
Mar 18, 2024 7:46:26 PM Server.game.Game addPlayerAndStartGaming
INFO: Player 1 is on Thread : Thread-3
Mar 18, 2024 7:46:38 PM Server.clienthandler.ClientHandler run
INFO: Client with id : 47762 disconnected
Mar 18, 2024 7:46:38 PM Server.gameroom.GameRoom run
INFO: Player with ID : 37020 connected on game room with session id 1000
Mar 18, 2024 7:46:38 PM Server.game.Game addPlayerAndStartGaming
INFO: Player 2 is on Thread : Thread-4
Mar 18, 2024 7:46:38 PM Server.game.Game start
INFO: Currently Thread : Thread-3's turn is to take input
Mar 18, 2024 7:46:38 PM Server.game.Game start
INFO: It's turn of player with symbol of CROSS
Mar 18, 2024 7:50:13 PM Server.ServerClass main
INFO: Client with id : 38446 connected.
Mar 18, 2024 7:50:15 PM Server.ServerClass main
INFO: Client with id : 38462 connected.
Mar 18, 2024 7:50:18 PM Server.clienthandler.ClientHandler processInput
INFO: New Room created with session ID : 1010 on port 49153
Mar 18, 2024 7:50:18 PM Server.gameroom.GameRoom run
INFO: Game room started on port 49153
Mar 18, 2024 7:50:19 PM Server.gameroom.GameRoom run
INFO: Player with ID : 50154 connected on game room with session id 1010
Mar 18, 2024 7:50:19 PM Server.game.Game addPlayerAndStartGaming
INFO: Player 1 is on Thread : Thread-8
Mar 18, 2024 7:50:22 PM Server.clienthandler.ClientHandler run
INFO: Client with id : 38462 disconnected
Mar 18, 2024 7:50:22 PM Server.gameroom.GameRoom run
INFO: Player with ID : 50156 connected on game room with session id 1010
Mar 18, 2024 7:50:22 PM Server.game.Game addPlayerAndStartGaming
INFO: Player 2 is on Thread : Thread-9
Mar 18, 2024 7:50:22 PM Server.game.Game start
INFO: Currently Thread : Thread-8's turn is to take input
Mar 18, 2024 7:50:22 PM Server.game.Game start
INFO: It's turn of player with symbol of CROSS
Mar 18, 2024 7:52:05 PM Server.game.Game start
INFO: Current player disconnected.
Mar 18, 2024 7:52:05 PM Server.clienthandler.ClientHandler run
INFO: Client with id : 38446 disconnected
Mar 18, 2024 7:52:05 PM Server.gameroom.GameRoom lambda$run$0
INFO: Player with Id : 50156 disconnected from game room
Mar 18, 2024 7:52:05 PM Server.gameroom.GameRoom lambda$run$0
INFO: Player with Id : 50154 disconnected from game room
Mar 18, 2024 7:52:09 PM Server.game.Game start
INFO: Current player disconnected.
Mar 18, 2024 7:52:09 PM Server.clienthandler.ClientHandler run
INFO: Client with id : 47760 disconnected
Mar 18, 2024 7:52:09 PM Server.gameroom.GameRoom lambda$run$0
INFO: Player with Id : 37020 disconnected from game room
Mar 18, 2024 7:52:09 PM Server.gameroom.GameRoom lambda$run$0
INFO: Player with Id : 55944 disconnected from game room
