Mar 19, 2024 4:32:22 PM com.server.game.Game addPlayerAndStartGaming
INFO: Player 1 is on Thread : Thread-3
Mar 19, 2024 4:32:24 PM com.server.game.Game addPlayerAndStartGaming
INFO: Player 2 is on Thread : Thread-4
Mar 19, 2024 4:32:24 PM com.server.game.Game start
INFO: Currently Thread : Thread-3's turn is to take input
Mar 19, 2024 4:32:24 PM com.server.game.Game start
INFO: It's turn of player with symbol of CROSS
Mar 19, 2024 4:32:26 PM com.server.game.Game start
INFO: Currently Thread : Thread-4's turn is to take input
Mar 19, 2024 4:32:26 PM com.server.game.Game start
INFO: It's turn of player with symbol of ZERO
Mar 19, 2024 4:32:29 PM com.server.game.Game start
INFO: Currently Thread : Thread-4's turn is to take input
Mar 19, 2024 4:32:29 PM com.server.game.Game start
INFO: It's turn of player with symbol of ZERO
Mar 19, 2024 4:32:30 PM com.server.game.Game start
INFO: Currently Thread : Thread-3's turn is to take input
Mar 19, 2024 4:32:30 PM com.server.game.Game start
INFO: It's turn of player with symbol of CROSS
Mar 19, 2024 4:32:32 PM com.server.game.Game start
INFO: Currently Thread : Thread-3's turn is to take input
Mar 19, 2024 4:32:32 PM com.server.game.Game start
INFO: It's turn of player with symbol of CROSS
Mar 19, 2024 4:32:34 PM com.server.game.Game start
INFO: Currently Thread : Thread-3's turn is to take input
Mar 19, 2024 4:32:34 PM com.server.game.Game start
INFO: It's turn of player with symbol of CROSS
Mar 19, 2024 4:32:39 PM com.server.game.Game start
INFO: Currently Thread : Thread-4's turn is to take input
Mar 19, 2024 4:32:39 PM com.server.game.Game start
INFO: It's turn of player with symbol of ZERO
Mar 19, 2024 4:32:39 PM com.server.game.Game start
INFO: Currently Thread : Thread-4's turn is to take input
Mar 19, 2024 4:32:39 PM com.server.game.Game start
INFO: It's turn of player with symbol of ZERO
Mar 19, 2024 4:32:43 PM com.server.game.Game start
INFO: Currently Thread : Thread-3's turn is to take input
Mar 19, 2024 4:32:43 PM com.server.game.Game start
INFO: It's turn of player with symbol of CROSS
Mar 19, 2024 4:32:48 PM com.server.game.Game start
INFO: Currently Thread : Thread-4's turn is to take input
Mar 19, 2024 4:32:48 PM com.server.game.Game start
INFO: It's turn of player with symbol of ZERO
Mar 19, 2024 4:32:51 PM com.server.game.Game start
INFO: Currently Thread : Thread-4's turn is to take input
Mar 19, 2024 4:32:51 PM com.server.game.Game start
INFO: It's turn of player with symbol of ZERO
Mar 19, 2024 4:32:53 PM com.server.game.Game start
INFO: Currently Thread : Thread-3's turn is to take input
Mar 19, 2024 4:32:53 PM com.server.game.Game start
INFO: It's turn of player with symbol of CROSS
